This is pdfTeX, Version 3.14159265-2.6-1.40.20 (TeX Live 2019) (preloaded format=pdflatex 2019.5.27)  11 JUN 2019 13:28
entering extended mode
 restricted \write18 enabled.
 file:line:error style messages enabled.
 %&-line parsing enabled.
**report.tex
(./report.tex
LaTeX2e <2018-12-01>
(/usr/local/texlive/2019basic/texmf-dist/tex/latex/base/article.cls
Document Class: article 2018/09/03 v1.4i Standard LaTeX document class
(/usr/local/texlive/2019basic/texmf-dist/tex/latex/base/size11.clo
File: size11.clo 2018/09/03 v1.4i Standard LaTeX file (size option)
)
\c@part=\count80
\c@section=\count81
\c@subsection=\count82
\c@subsubsection=\count83
\c@paragraph=\count84
\c@subparagraph=\count85
\c@figure=\count86
\c@table=\count87
\abovecaptionskip=\skip41
\belowcaptionskip=\skip42
\bibindent=\dimen102
)
(/usr/local/texlive/2019basic/texmf-dist/tex/latex/graphics/graphicx.sty
Package: graphicx 2017/06/01 v1.1a Enhanced LaTeX Graphics (DPC,SPQR)

(/usr/local/texlive/2019basic/texmf-dist/tex/latex/graphics/keyval.sty
Package: keyval 2014/10/28 v1.15 key=value parser (DPC)
\KV@toks@=\toks14
)
(/usr/local/texlive/2019basic/texmf-dist/tex/latex/graphics/graphics.sty
Package: graphics 2017/06/25 v1.2c Standard LaTeX Graphics (DPC,SPQR)

(/usr/local/texlive/2019basic/texmf-dist/tex/latex/graphics/trig.sty
Package: trig 2016/01/03 v1.10 sin cos tan (DPC)
)
(/usr/local/texlive/2019basic/texmf-dist/tex/latex/graphics-cfg/graphics.cfg
File: graphics.cfg 2016/06/04 v1.11 sample graphics configuration
)
Package graphics Info: Driver file: pdftex.def on input line 99.

(/usr/local/texlive/2019basic/texmf-dist/tex/latex/graphics-def/pdftex.def
File: pdftex.def 2018/01/08 v1.0l Graphics/color driver for pdftex
))
\Gin@req@height=\dimen103
\Gin@req@width=\dimen104
)
(/usr/local/texlive/2019basic/texmf-dist/tex/latex/graphics/color.sty
Package: color 2016/07/10 v1.1e Standard LaTeX Color (DPC)

(/usr/local/texlive/2019basic/texmf-dist/tex/latex/graphics-cfg/color.cfg
File: color.cfg 2016/01/02 v1.6 sample color configuration
)
Package color Info: Driver file: pdftex.def on input line 147.
)
(/usr/local/texlive/2019basic/texmf-dist/tex/latex/amsfonts/amssymb.sty
Package: amssymb 2013/01/14 v3.01 AMS font symbols

(/usr/local/texlive/2019basic/texmf-dist/tex/latex/amsfonts/amsfonts.sty
Package: amsfonts 2013/01/14 v3.01 Basic AMSFonts support
\@emptytoks=\toks15
\symAMSa=\mathgroup4
\symAMSb=\mathgroup5
LaTeX Font Info:    Overwriting math alphabet `\mathfrak' in version `bold'
(Font)                  U/euf/m/n --> U/euf/b/n on input line 106.
))
(/usr/local/texlive/2019basic/texmf-dist/tex/latex/amsmath/amsmath.sty
Package: amsmath 2018/12/01 v2.17b AMS math features
\@mathmargin=\skip43

For additional information on amsmath, use the `?' option.
(/usr/local/texlive/2019basic/texmf-dist/tex/latex/amsmath/amstext.sty
Package: amstext 2000/06/29 v2.01 AMS text

(/usr/local/texlive/2019basic/texmf-dist/tex/latex/amsmath/amsgen.sty
File: amsgen.sty 1999/11/30 v2.0 generic functions
\@emptytoks=\toks16
\ex@=\dimen105
))
(/usr/local/texlive/2019basic/texmf-dist/tex/latex/amsmath/amsbsy.sty
Package: amsbsy 1999/11/29 v1.2d Bold Symbols
\pmbraise@=\dimen106
)
(/usr/local/texlive/2019basic/texmf-dist/tex/latex/amsmath/amsopn.sty
Package: amsopn 2016/03/08 v2.02 operator names
)
\inf@bad=\count88
LaTeX Info: Redefining \frac on input line 223.
\uproot@=\count89
\leftroot@=\count90
LaTeX Info: Redefining \overline on input line 385.
\classnum@=\count91
\DOTSCASE@=\count92
LaTeX Info: Redefining \ldots on input line 482.
LaTeX Info: Redefining \dots on input line 485.
LaTeX Info: Redefining \cdots on input line 606.
\Mathstrutbox@=\box27
\strutbox@=\box28
\big@size=\dimen107
LaTeX Font Info:    Redeclaring font encoding OML on input line 729.
LaTeX Font Info:    Redeclaring font encoding OMS on input line 730.
\macc@depth=\count93
\c@MaxMatrixCols=\count94
\dotsspace@=\muskip10
\c@parentequation=\count95
\dspbrk@lvl=\count96
\tag@help=\toks17
\row@=\count97
\column@=\count98
\maxfields@=\count99
\andhelp@=\toks18
\eqnshift@=\dimen108
\alignsep@=\dimen109
\tagshift@=\dimen110
\tagwidth@=\dimen111
\totwidth@=\dimen112
\lineht@=\dimen113
\@envbody=\toks19
\multlinegap=\skip44
\multlinetaggap=\skip45
\mathdisplay@stack=\toks20
LaTeX Info: Redefining \[ on input line 2844.
LaTeX Info: Redefining \] on input line 2845.
)
(/usr/local/texlive/2019basic/texmf-dist/tex/latex/tools/array.sty
Package: array 2018/12/30 v2.4k Tabular extension package (FMi)
\col@sep=\dimen114
\ar@mcellbox=\box29
\extrarowheight=\dimen115
\NC@list=\toks21
\extratabsurround=\skip46
\backup@length=\skip47
\ar@cellbox=\box30
)
(/usr/local/texlive/2019basic/texmf-dist/tex/latex/cite/cite.sty
LaTeX Info: Redefining \cite on input line 302.
LaTeX Info: Redefining \nocite on input line 332.
Package: cite 2015/02/27  v 5.5
)
(/usr/local/texlive/2019basic/texmf-dist/tex/latex/float/float.sty
Package: float 2001/11/08 v1.3d Float enhancements (AL)
\c@float@type=\count100
\float@exts=\toks22
\float@box=\box31
\@float@everytoks=\toks23
\@floatcapt=\box32
)
(/usr/local/texlive/2019basic/texmf-dist/tex/latex/url/url.sty
\Urlmuskip=\muskip11
Package: url 2013/09/16  ver 3.4  Verb mode for urls, etc.
)

LaTeX Warning: Unused global option(s):
    [openright].

(./report.aux)
\openout1 = `report.aux'.

LaTeX Font Info:    Checking defaults for OML/cmm/m/it on input line 8.
LaTeX Font Info:    ... okay on input line 8.
LaTeX Font Info:    Checking defaults for T1/cmr/m/n on input line 8.
LaTeX Font Info:    ... okay on input line 8.
LaTeX Font Info:    Checking defaults for OT1/cmr/m/n on input line 8.
LaTeX Font Info:    ... okay on input line 8.
LaTeX Font Info:    Checking defaults for OMS/cmsy/m/n on input line 8.
LaTeX Font Info:    ... okay on input line 8.
LaTeX Font Info:    Checking defaults for OMX/cmex/m/n on input line 8.
LaTeX Font Info:    ... okay on input line 8.
LaTeX Font Info:    Checking defaults for U/cmr/m/n on input line 8.
LaTeX Font Info:    ... okay on input line 8.

(/usr/local/texlive/2019basic/texmf-dist/tex/context/base/mkii/supp-pdf.mkii
[Loading MPS to PDF converter (version 2006.09.02).]
\scratchcounter=\count101
\scratchdimen=\dimen116
\scratchbox=\box33
\nofMPsegments=\count102
\nofMParguments=\count103
\everyMPshowfont=\toks24
\MPscratchCnt=\count104
\MPscratchDim=\dimen117
\MPnumerator=\count105
\makeMPintoPDFobject=\count106
\everyMPtoPDFconversion=\toks25
) (/usr/local/texlive/2019basic/texmf-dist/tex/latex/oberdiek/epstopdf-base.sty
Package: epstopdf-base 2016/05/15 v2.6 Base part for package epstopdf
(/usr/local/texlive/2019basic/texmf-dist/tex/generic/oberdiek/infwarerr.sty
Package: infwarerr 2016/05/16 v1.4 Providing info/warning/error messages (HO)
)
(/usr/local/texlive/2019basic/texmf-dist/tex/latex/oberdiek/grfext.sty
Package: grfext 2016/05/16 v1.2 Manage graphics extensions (HO)

(/usr/local/texlive/2019basic/texmf-dist/tex/generic/oberdiek/kvdefinekeys.sty
Package: kvdefinekeys 2016/05/16 v1.4 Define keys (HO)

(/usr/local/texlive/2019basic/texmf-dist/tex/generic/oberdiek/ltxcmds.sty
Package: ltxcmds 2016/05/16 v1.23 LaTeX kernel commands for general use (HO)
)))
(/usr/local/texlive/2019basic/texmf-dist/tex/latex/oberdiek/kvoptions.sty
Package: kvoptions 2016/05/16 v3.12 Key value format for package options (HO)

(/usr/local/texlive/2019basic/texmf-dist/tex/generic/oberdiek/kvsetkeys.sty
Package: kvsetkeys 2016/05/16 v1.17 Key value parser (HO)

(/usr/local/texlive/2019basic/texmf-dist/tex/generic/oberdiek/etexcmds.sty
Package: etexcmds 2016/05/16 v1.6 Avoid name clashes with e-TeX commands (HO)

(/usr/local/texlive/2019basic/texmf-dist/tex/generic/oberdiek/ifluatex.sty
Package: ifluatex 2016/05/16 v1.4 Provides the ifluatex switch (HO)
Package ifluatex Info: LuaTeX not detected.
))))
(/usr/local/texlive/2019basic/texmf-dist/tex/generic/oberdiek/pdftexcmds.sty
Package: pdftexcmds 2018/09/10 v0.29 Utility functions of pdfTeX for LuaTeX (HO
)

(/usr/local/texlive/2019basic/texmf-dist/tex/generic/oberdiek/ifpdf.sty
Package: ifpdf 2018/09/07 v3.3 Provides the ifpdf switch
)
Package pdftexcmds Info: LuaTeX not detected.
Package pdftexcmds Info: \pdf@primitive is available.
Package pdftexcmds Info: \pdf@ifprimitive is available.
Package pdftexcmds Info: \pdfdraftmode found.
)
Package epstopdf-base Info: Redefining graphics rule for `.eps' on input line 4
38.
Package grfext Info: Graphics extension search list:
(grfext)             [.pdf,.png,.jpg,.mps,.jpeg,.jbig2,.jb2,.PDF,.PNG,.JPG,.JPE
G,.JBIG2,.JB2,.eps]
(grfext)             \AppendGraphicsExtensions on input line 456.

(/usr/local/texlive/2019basic/texmf-dist/tex/latex/latexconfig/epstopdf-sys.cfg
File: epstopdf-sys.cfg 2010/07/13 v1.3 Configuration of (r)epstopdf for TeX Liv
e
)) (./cover.tex
Package epstopdf Info: Source file: <logo_epfl_coul.eps>
(epstopdf)                    date: 2005-06-20 17:59:00
(epstopdf)                    size: 104278 bytes
(epstopdf)             Output file: <logo_epfl_coul-eps-converted-to.pdf>
(epstopdf)                    date: 2016-10-04 09:49:32
(epstopdf)                    size: 19393 bytes
(epstopdf)             Command: <repstopdf --outfile=logo_epfl_coul-eps-convert
ed-to.pdf logo_epfl_coul.eps>
(epstopdf)             \includegraphics on input line 66.
Package epstopdf Info: Output file is already uptodate.
<logo_epfl_coul-eps-converted-to.pdf, id=1, 353.32pt x 170.6375pt>
File: logo_epfl_coul-eps-converted-to.pdf Graphic file (type pdf)
<use logo_epfl_coul-eps-converted-to.pdf>
Package pdftex.def Info: logo_epfl_coul-eps-converted-to.pdf  used on input lin
e 66.
(pdftex.def)             Requested size: 113.81102pt x 54.96442pt.
LaTeX Font Info:    Try loading font information for U+msa on input line 78.

(/usr/local/texlive/2019basic/texmf-dist/tex/latex/amsfonts/umsa.fd
File: umsa.fd 2013/01/14 v3.01 AMS symbols A
)
LaTeX Font Info:    Try loading font information for U+msb on input line 78.

(/usr/local/texlive/2019basic/texmf-dist/tex/latex/amsfonts/umsb.fd
File: umsb.fd 2013/01/14 v3.01 AMS symbols B
)) [1

{/usr/local/texlive/2019basic/texmf-var/fonts/map/pdftex/updmap/pdftex.map} <./
logo_epfl_coul-eps-converted-to.pdf>] (./report.toc)
\tf@toc=\write3
\openout3 = `report.toc'.

 [1]
<nyle.png, id=17, 696.6025pt x 398.48875pt>
File: nyle.png Graphic file (type png)
<use nyle.png>
Package pdftex.def Info: nyle.png  used on input line 28.
(pdftex.def)             Requested size: 341.43306pt x 195.31592pt.
 [2 <./nyle.png>]
LaTeX Font Info:    Try loading font information for OMS+cmr on input line 76.

(/usr/local/texlive/2019basic/texmf-dist/tex/latex/base/omscmr.fd
File: omscmr.fd 2014/09/29 v2.5h Standard LaTeX font definitions
)
LaTeX Font Info:    Font shape `OMS/cmr/m/n' in size <10.95> not available
(Font)              Font shape `OMS/cmsy/m/n' tried instead on input line 76.
 [3]
<schema1.png, id=27, 226.8475pt x 186.6975pt>
File: schema1.png Graphic file (type png)
<use schema1.png>
Package pdftex.def Info: schema1.png  used on input line 112.
(pdftex.def)             Requested size: 142.26378pt x 117.08447pt.
<schema2.png, id=28, 552.0625pt x 451.6875pt>
File: schema2.png Graphic file (type png)
<use schema2.png>
Package pdftex.def Info: schema2.png  used on input line 118.
(pdftex.def)             Requested size: 256.0748pt x 209.52249pt.
<schema3.png, id=29, 466.74374pt x 195.73125pt>
File: schema3.png Graphic file (type png)
<use schema3.png>
Package pdftex.def Info: schema3.png  used on input line 124.
(pdftex.def)             Requested size: 256.0748pt x 107.38968pt.
 [4 <./schema1.png>] [5 <./schema2.png> <./schema3.png>] [6] [7]
Overfull \hbox (2.53366pt too wide) in paragraph at lines 177--178
[]\OT1/cmr/m/n/10.95 To pre-vent con-cur-rent dou-ble spend-ing how-ever, some-
thing else is needed.
 []

[8] [9] [10] [11]
<50graph.png, id=58, 836.12375pt x 323.2075pt>
File: 50graph.png Graphic file (type png)
<use 50graph.png>
Package pdftex.def Info: 50graph.png  used on input line 257.
(pdftex.def)             Requested size: 360.0pt x 139.16391pt.
<75graph.png, id=59, 813.0375pt x 321.2pt>
File: 75graph.png Graphic file (type png)
<use 75graph.png>
Package pdftex.def Info: 75graph.png  used on input line 263.
(pdftex.def)             Requested size: 360.0pt x 142.22043pt.
 [12 <./50graph.png>] [13 <./75graph.png>]
<100graph.png, id=70, 838.13126pt x 346.29375pt>
File: 100graph.png Graphic file (type png)
<use 100graph.png>
Package pdftex.def Info: 100graph.png  used on input line 281.
(pdftex.def)             Requested size: 360.0pt x 148.7396pt.
<all3graph.png, id=71, 803.0pt x 308.15125pt>
File: all3graph.png Graphic file (type png)
<use all3graph.png>
Package pdftex.def Info: all3graph.png  used on input line 287.
(pdftex.def)             Requested size: 360.0pt x 138.15425pt.
 [14 <./100graph.png> <./all3graph.png>] [15] (./report.bbl) [16] (./report.aux
) ) 
Here is how much of TeX's memory you used:
 2732 strings out of 494060
 36872 string characters out of 6163035
 98744 words of memory out of 5000000
 6369 multiletter control sequences out of 15000+600000
 10619 words of font info for 40 fonts, out of 8000000 for 9000
 319 hyphenation exceptions out of 8191
 41i,15n,27p,922b,319s stack positions out of 5000i,500n,10000p,200000b,80000s
</usr/local/texlive/2019basic/texmf-dist/fonts/type1/public/amsfonts/cm/cmbx
10.pfb></usr/local/texlive/2019basic/texmf-dist/fonts/type1/public/amsfonts/cm/
cmbx12.pfb></usr/local/texlive/2019basic/texmf-dist/fonts/type1/public/amsfonts
/cm/cmmi10.pfb></usr/local/texlive/2019basic/texmf-dist/fonts/type1/public/amsf
onts/cm/cmr10.pfb></usr/local/texlive/2019basic/texmf-dist/fonts/type1/public/a
msfonts/cm/cmr12.pfb></usr/local/texlive/2019basic/texmf-dist/fonts/type1/publi
c/amsfonts/cm/cmr17.pfb></usr/local/texlive/2019basic/texmf-dist/fonts/type1/pu
blic/amsfonts/cm/cmr8.pfb></usr/local/texlive/2019basic/texmf-dist/fonts/type1/
public/amsfonts/cm/cmsy10.pfb></usr/local/texlive/2019basic/texmf-dist/fonts/ty
pe1/public/amsfonts/cm/cmsy8.pfb></usr/local/texlive/2019basic/texmf-dist/fonts
/type1/public/amsfonts/cm/cmti10.pfb></usr/local/texlive/2019basic/texmf-dist/f
onts/type1/public/amsfonts/cm/cmtt10.pfb>
Output written on report.pdf (17 pages, 761002 bytes).
PDF statistics:
 123 PDF objects out of 1000 (max. 8388607)
 75 compressed objects within 1 object stream
 0 named destinations out of 1000 (max. 500000)
 46 words of extra memory for PDF output out of 10000 (max. 10000000)

